{"meta": {"format": 3, "version": "7.10.6", "timestamp": "2025-09-16T09:53:12.798060", "branch_coverage": false, "show_contexts": false}, "files": {"src/__init__.py": {"executed_lines": [1, 3], "summary": {"covered_lines": 1, "num_statements": 1, "percent_covered": 100.0, "percent_covered_display": "100", "missing_lines": 0, "excluded_lines": 0}, "missing_lines": [], "excluded_lines": [], "functions": {"": {"executed_lines": [1, 3], "summary": {"covered_lines": 1, "num_statements": 1, "percent_covered": 100.0, "percent_covered_display": "100", "missing_lines": 0, "excluded_lines": 0}, "missing_lines": [], "excluded_lines": []}}, "classes": {"": {"executed_lines": [1, 3], "summary": {"covered_lines": 1, "num_statements": 1, "percent_covered": 100.0, "percent_covered_display": "100", "missing_lines": 0, "excluded_lines": 0}, "missing_lines": [], "excluded_lines": []}}}, "src/cli/__init__.py": {"executed_lines": [1], "summary": {"covered_lines": 0, "num_statements": 0, "percent_covered": 100.0, "percent_covered_display": "100", "missing_lines": 0, "excluded_lines": 0}, "missing_lines": [], "excluded_lines": [], "functions": {"": {"executed_lines": [1], "summary": {"covered_lines": 0, "num_statements": 0, "percent_covered": 100.0, "percent_covered_display": "100", "missing_lines": 0, "excluded_lines": 0}, "missing_lines": [], "excluded_lines": []}}, "classes": {"": {"executed_lines": [1], "summary": {"covered_lines": 0, "num_statements": 0, "percent_covered": 100.0, "percent_covered_display": "100", "missing_lines": 0, "excluded_lines": 0}, "missing_lines": [], "excluded_lines": []}}}, "src/cli/__main__.py": {"executed_lines": [], "summary": {"covered_lines": 0, "num_statements": 3, "percent_covered": 0.0, "percent_covered_display": "0", "missing_lines": 3, "excluded_lines": 0}, "missing_lines": [3, 5, 6], "excluded_lines": [], "functions": {"": {"executed_lines": [], "summary": {"covered_lines": 0, "num_statements": 3, "percent_covered": 0.0, "percent_covered_display": "0", "missing_lines": 3, "excluded_lines": 0}, "missing_lines": [3, 5, 6], "excluded_lines": []}}, "classes": {"": {"executed_lines": [], "summary": {"covered_lines": 0, "num_statements": 3, "percent_covered": 0.0, "percent_covered_display": "0", "missing_lines": 3, "excluded_lines": 0}, "missing_lines": [3, 5, 6], "excluded_lines": []}}}, "src/cli/commands/__init__.py": {"executed_lines": [1], "summary": {"covered_lines": 0, "num_statements": 0, "percent_covered": 100.0, "percent_covered_display": "100", "missing_lines": 0, "excluded_lines": 0}, "missing_lines": [], "excluded_lines": [], "functions": {"": {"executed_lines": [1], "summary": {"covered_lines": 0, "num_statements": 0, "percent_covered": 100.0, "percent_covered_display": "100", "missing_lines": 0, "excluded_lines": 0}, "missing_lines": [], "excluded_lines": []}}, "classes": {"": {"executed_lines": [1], "summary": {"covered_lines": 0, "num_statements": 0, "percent_covered": 100.0, "percent_covered_display": "100", "missing_lines": 0, "excluded_lines": 0}, "missing_lines": [], "excluded_lines": []}}}, "src/cli/commands/backtest.py": {"executed_lines": [1, 3, 4, 5, 7, 8, 9, 10, 12, 13, 14, 16, 19, 20, 25, 26, 32, 37, 43, 49, 55, 61, 67, 193, 194], "summary": {"covered_lines": 24, "num_statements": 124, "percent_covered": 19.35483870967742, "percent_covered_display": "19", "missing_lines": 100, "excluded_lines": 0}, "missing_lines": [22, 77, 78, 79, 80, 81, 82, 85, 86, 87, 88, 90, 92, 93, 95, 96, 98, 99, 100, 101, 102, 103, 105, 106, 108, 109, 110, 112, 115, 116, 117, 118, 121, 126, 129, 132, 141, 144, 145, 148, 149, 150, 152, 153, 154, 155, 156, 157, 158, 159, 160, 161, 162, 164, 165, 168, 169, 170, 171, 173, 176, 177, 179, 180, 181, 182, 183, 184, 187, 189, 190, 196, 197, 200, 201, 202, 203, 205, 211, 212, 215, 216, 217, 218, 219, 221, 222, 223, 224, 225, 228, 229, 230, 231, 233, 234, 235, 236, 238, 240], "excluded_lines": [], "functions": {"backtest": {"executed_lines": [], "summary": {"covered_lines": 0, "num_statements": 1, "percent_covered": 0.0, "percent_covered_display": "0", "missing_lines": 1, "excluded_lines": 0}, "missing_lines": [22], "excluded_lines": []}, "run_backtest": {"executed_lines": [], "summary": {"covered_lines": 0, "num_statements": 4, "percent_covered": 0.0, "percent_covered_display": "0", "missing_lines": 4, "excluded_lines": 0}, "missing_lines": [77, 187, 189, 190], "excluded_lines": []}, "run_backtest.run_backtest_async": {"executed_lines": [], "summary": {"covered_lines": 0, "num_statements": 66, "percent_covered": 0.0, "percent_covered_display": "0", "missing_lines": 66, "excluded_lines": 0}, "missing_lines": [78, 79, 80, 81, 82, 85, 86, 87, 88, 90, 92, 93, 95, 96, 98, 99, 100, 101, 102, 103, 105, 106, 108, 109, 110, 112, 115, 116, 117, 118, 121, 126, 129, 132, 141, 144, 145, 148, 149, 150, 152, 153, 154, 155, 156, 157, 158, 159, 160, 161, 162, 164, 165, 168, 169, 170, 171, 173, 176, 177, 179, 180, 181, 182, 183, 184], "excluded_lines": []}, "list_backtests": {"executed_lines": [], "summary": {"covered_lines": 0, "num_statements": 11, "percent_covered": 0.0, "percent_covered_display": "0", "missing_lines": 11, "excluded_lines": 0}, "missing_lines": [196, 197, 200, 201, 202, 203, 205, 211, 212, 215, 240], "excluded_lines": []}, "list_backtests.show_data_info": {"executed_lines": [], "summary": {"covered_lines": 0, "num_statements": 18, "percent_covered": 0.0, "percent_covered_display": "0", "missing_lines": 18, "excluded_lines": 0}, "missing_lines": [216, 217, 218, 219, 221, 222, 223, 224, 225, 228, 229, 230, 231, 233, 234, 235, 236, 238], "excluded_lines": []}, "": {"executed_lines": [1, 3, 4, 5, 7, 8, 9, 10, 12, 13, 14, 16, 19, 20, 25, 26, 32, 37, 43, 49, 55, 61, 67, 193, 194], "summary": {"covered_lines": 24, "num_statements": 24, "percent_covered": 100.0, "percent_covered_display": "100", "missing_lines": 0, "excluded_lines": 0}, "missing_lines": [], "excluded_lines": []}}, "classes": {"": {"executed_lines": [1, 3, 4, 5, 7, 8, 9, 10, 12, 13, 14, 16, 19, 20, 25, 26, 32, 37, 43, 49, 55, 61, 67, 193, 194], "summary": {"covered_lines": 24, "num_statements": 124, "percent_covered": 19.35483870967742, "percent_covered_display": "19", "missing_lines": 100, "excluded_lines": 0}, "missing_lines": [22, 77, 78, 79, 80, 81, 82, 85, 86, 87, 88, 90, 92, 93, 95, 96, 98, 99, 100, 101, 102, 103, 105, 106, 108, 109, 110, 112, 115, 116, 117, 118, 121, 126, 129, 132, 141, 144, 145, 148, 149, 150, 152, 153, 154, 155, 156, 157, 158, 159, 160, 161, 162, 164, 165, 168, 169, 170, 171, 173, 176, 177, 179, 180, 181, 182, 183, 184, 187, 189, 190, 196, 197, 200, 201, 202, 203, 205, 211, 212, 215, 216, 217, 218, 219, 221, 222, 223, 224, 225, 228, 229, 230, 231, 233, 234, 235, 236, 238, 240], "excluded_lines": []}}}, "src/cli/commands/data.py": {"executed_lines": [1, 3, 4, 5, 6, 8, 9, 10, 11, 13, 14, 16, 19, 20, 25, 26, 32, 37, 100, 101, 105], "summary": {"covered_lines": 20, "num_statements": 62, "percent_covered": 32.25806451612903, "percent_covered_display": "32", "missing_lines": 42, "excluded_lines": 0}, "missing_lines": [22, 39, 41, 42, 43, 46, 51, 53, 55, 56, 58, 61, 63, 64, 67, 68, 69, 71, 72, 73, 74, 75, 77, 78, 80, 81, 82, 83, 84, 85, 86, 87, 88, 89, 90, 91, 94, 96, 97, 108, 110, 111], "excluded_lines": [], "functions": {"data": {"executed_lines": [], "summary": {"covered_lines": 0, "num_statements": 1, "percent_covered": 0.0, "percent_covered_display": "0", "missing_lines": 1, "excluded_lines": 0}, "missing_lines": [22], "excluded_lines": []}, "import_csv": {"executed_lines": [], "summary": {"covered_lines": 0, "num_statements": 4, "percent_covered": 0.0, "percent_covered_display": "0", "missing_lines": 4, "excluded_lines": 0}, "missing_lines": [39, 94, 96, 97], "excluded_lines": []}, "import_csv.import_csv_async": {"executed_lines": [], "summary": {"covered_lines": 0, "num_statements": 34, "percent_covered": 0.0, "percent_covered_display": "0", "missing_lines": 34, "excluded_lines": 0}, "missing_lines": [41, 42, 43, 46, 51, 53, 55, 56, 58, 61, 63, 64, 67, 68, 69, 71, 72, 73, 74, 75, 77, 78, 80, 81, 82, 83, 84, 85, 86, 87, 88, 89, 90, 91], "excluded_lines": []}, "list_data": {"executed_lines": [], "summary": {"covered_lines": 0, "num_statements": 3, "percent_covered": 0.0, "percent_covered_display": "0", "missing_lines": 3, "excluded_lines": 0}, "missing_lines": [108, 110, 111], "excluded_lines": []}, "": {"executed_lines": [1, 3, 4, 5, 6, 8, 9, 10, 11, 13, 14, 16, 19, 20, 25, 26, 32, 37, 100, 101, 105], "summary": {"covered_lines": 20, "num_statements": 20, "percent_covered": 100.0, "percent_covered_display": "100", "missing_lines": 0, "excluded_lines": 0}, "missing_lines": [], "excluded_lines": []}}, "classes": {"": {"executed_lines": [1, 3, 4, 5, 6, 8, 9, 10, 11, 13, 14, 16, 19, 20, 25, 26, 32, 37, 100, 101, 105], "summary": {"covered_lines": 20, "num_statements": 62, "percent_covered": 32.25806451612903, "percent_covered_display": "32", "missing_lines": 42, "excluded_lines": 0}, "missing_lines": [22, 39, 41, 42, 43, 46, 51, 53, 55, 56, 58, 61, 63, 64, 67, 68, 69, 71, 72, 73, 74, 75, 77, 78, 80, 81, 82, 83, 84, 85, 86, 87, 88, 89, 90, 91, 94, 96, 97, 108, 110, 111], "excluded_lines": []}}}, "src/cli/commands/run.py": {"executed_lines": [1, 3, 5, 6, 8, 10, 13, 14, 20, 26, 27, 28, 29, 32, 45, 48, 50, 52, 53, 54, 57, 58, 66, 67, 68, 71, 72, 74, 75, 76, 77, 78, 79, 80, 82, 87, 88, 90, 92, 93, 94, 98], "summary": {"covered_lines": 41, "num_statements": 41, "percent_covered": 100.0, "percent_covered_display": "100", "missing_lines": 0, "excluded_lines": 0}, "missing_lines": [], "excluded_lines": [], "functions": {"run_simple": {"executed_lines": [45, 48, 50, 52, 53, 54, 57, 58, 66, 67, 68, 71, 72, 74, 75, 76, 77, 78, 79, 80, 82, 87, 88, 90, 92, 93, 94, 98], "summary": {"covered_lines": 28, "num_statements": 28, "percent_covered": 100.0, "percent_covered_display": "100", "missing_lines": 0, "excluded_lines": 0}, "missing_lines": [], "excluded_lines": []}, "": {"executed_lines": [1, 3, 5, 6, 8, 10, 13, 14, 20, 26, 27, 28, 29, 32], "summary": {"covered_lines": 13, "num_statements": 13, "percent_covered": 100.0, "percent_covered_display": "100", "missing_lines": 0, "excluded_lines": 0}, "missing_lines": [], "excluded_lines": []}}, "classes": {"": {"executed_lines": [1, 3, 5, 6, 8, 10, 13, 14, 20, 26, 27, 28, 29, 32, 45, 48, 50, 52, 53, 54, 57, 58, 66, 67, 68, 71, 72, 74, 75, 76, 77, 78, 79, 80, 82, 87, 88, 90, 92, 93, 94, 98], "summary": {"covered_lines": 41, "num_statements": 41, "percent_covered": 100.0, "percent_covered_display": "100", "missing_lines": 0, "excluded_lines": 0}, "missing_lines": [], "excluded_lines": []}}}, "src/cli/main.py": {"executed_lines": [1, 3, 4, 6, 7, 8, 9, 11, 12, 15, 16, 17, 18, 24, 28, 29, 30, 33], "summary": {"covered_lines": 17, "num_statements": 18, "percent_covered": 94.44444444444444, "percent_covered_display": "94", "missing_lines": 1, "excluded_lines": 0}, "missing_lines": [34], "excluded_lines": [], "functions": {"cli": {"executed_lines": [24], "summary": {"covered_lines": 1, "num_statements": 1, "percent_covered": 100.0, "percent_covered_display": "100", "missing_lines": 0, "excluded_lines": 0}, "missing_lines": [], "excluded_lines": []}, "": {"executed_lines": [1, 3, 4, 6, 7, 8, 9, 11, 12, 15, 16, 17, 18, 28, 29, 30, 33], "summary": {"covered_lines": 16, "num_statements": 17, "percent_covered": 94.11764705882354, "percent_covered_display": "94", "missing_lines": 1, "excluded_lines": 0}, "missing_lines": [34], "excluded_lines": []}}, "classes": {"": {"executed_lines": [1, 3, 4, 6, 7, 8, 9, 11, 12, 15, 16, 17, 18, 24, 28, 29, 30, 33], "summary": {"covered_lines": 17, "num_statements": 18, "percent_covered": 94.44444444444444, "percent_covered_display": "94", "missing_lines": 1, "excluded_lines": 0}, "missing_lines": [34], "excluded_lines": []}}}, "src/config.py": {"executed_lines": [1, 3, 4, 5, 7, 8, 11, 12, 15, 16, 17, 20, 23, 28, 31, 34, 39, 42, 47, 51, 54, 57, 62, 64, 65, 67, 69, 76, 78], "summary": {"covered_lines": 27, "num_statements": 27, "percent_covered": 100.0, "percent_covered_display": "100", "missing_lines": 0, "excluded_lines": 0}, "missing_lines": [], "excluded_lines": [], "functions": {"Settings.is_database_available": {"executed_lines": [67], "summary": {"covered_lines": 1, "num_statements": 1, "percent_covered": 100.0, "percent_covered_display": "100", "missing_lines": 0, "excluded_lines": 0}, "missing_lines": [], "excluded_lines": []}, "get_settings": {"executed_lines": [78], "summary": {"covered_lines": 1, "num_statements": 1, "percent_covered": 100.0, "percent_covered_display": "100", "missing_lines": 0, "excluded_lines": 0}, "missing_lines": [], "excluded_lines": []}, "": {"executed_lines": [1, 3, 4, 5, 7, 8, 11, 12, 15, 16, 17, 20, 23, 28, 31, 34, 39, 42, 47, 51, 54, 57, 62, 64, 65, 69, 76], "summary": {"covered_lines": 25, "num_statements": 25, "percent_covered": 100.0, "percent_covered_display": "100", "missing_lines": 0, "excluded_lines": 0}, "missing_lines": [], "excluded_lines": []}}, "classes": {"Settings": {"executed_lines": [67], "summary": {"covered_lines": 1, "num_statements": 1, "percent_covered": 100.0, "percent_covered_display": "100", "missing_lines": 0, "excluded_lines": 0}, "missing_lines": [], "excluded_lines": []}, "": {"executed_lines": [1, 3, 4, 5, 7, 8, 11, 12, 15, 16, 17, 20, 23, 28, 31, 34, 39, 42, 47, 51, 54, 57, 62, 64, 65, 69, 76, 78], "summary": {"covered_lines": 26, "num_statements": 26, "percent_covered": 100.0, "percent_covered_display": "100", "missing_lines": 0, "excluded_lines": 0}, "missing_lines": [], "excluded_lines": []}}}, "src/core/__init__.py": {"executed_lines": [1], "summary": {"covered_lines": 0, "num_statements": 0, "percent_covered": 100.0, "percent_covered_display": "100", "missing_lines": 0, "excluded_lines": 0}, "missing_lines": [], "excluded_lines": [], "functions": {"": {"executed_lines": [1], "summary": {"covered_lines": 0, "num_statements": 0, "percent_covered": 100.0, "percent_covered_display": "100", "missing_lines": 0, "excluded_lines": 0}, "missing_lines": [], "excluded_lines": []}}, "classes": {"": {"executed_lines": [1], "summary": {"covered_lines": 0, "num_statements": 0, "percent_covered": 100.0, "percent_covered_display": "100", "missing_lines": 0, "excluded_lines": 0}, "missing_lines": [], "excluded_lines": []}}}, "src/core/backtest_runner.py": {"executed_lines": [1, 3, 4, 5, 7, 8, 9, 10, 11, 12, 13, 15, 16, 17, 18, 21, 22, 24, 35, 36, 37, 38, 39, 40, 41, 43, 44, 46, 47, 48, 50, 52, 58, 59, 61, 68, 69, 70, 71, 72, 74, 101, 102, 103, 104, 105, 106, 107, 108, 111, 114, 119, 122, 128, 129, 138, 142, 144, 145, 148, 151, 160, 161, 164, 167, 168, 170, 197, 200, 204, 206, 208, 209, 212, 213, 217, 219, 224, 227, 232, 235, 241, 242, 251, 256, 257, 261, 264, 267, 276, 277, 280, 283, 284, 286, 295, 299, 300, 302, 306, 307, 308, 311, 312, 314, 315, 316, 317, 319, 321, 326, 327, 328, 330, 331, 333, 343, 352, 357, 375, 377, 378, 379, 381, 383, 384, 385], "summary": {"covered_lines": 124, "num_statements": 133, "percent_covered": 93.23308270676692, "percent_covered_display": "93", "missing_lines": 9, "excluded_lines": 0}, "missing_lines": [198, 201, 205, 207, 214, 220, 296, 303, 353], "excluded_lines": [], "functions": {"BacktestResult.__init__": {"executed_lines": [35, 36, 37, 38, 39, 40, 41], "summary": {"covered_lines": 7, "num_statements": 7, "percent_covered": 100.0, "percent_covered_display": "100", "missing_lines": 0, "excluded_lines": 0}, "missing_lines": [], "excluded_lines": []}, "BacktestResult.win_rate": {"executed_lines": [46, 47, 48], "summary": {"covered_lines": 3, "num_statements": 3, "percent_covered": 100.0, "percent_covered_display": "100", "missing_lines": 0, "excluded_lines": 0}, "missing_lines": [], "excluded_lines": []}, "BacktestResult.__str__": {"executed_lines": [52], "summary": {"covered_lines": 1, "num_statements": 1, "percent_covered": 100.0, "percent_covered_display": "100", "missing_lines": 0, "excluded_lines": 0}, "missing_lines": [], "excluded_lines": []}, "MinimalBacktestRunner.__init__": {"executed_lines": [68, 69, 70, 71, 72], "summary": {"covered_lines": 5, "num_statements": 5, "percent_covered": 100.0, "percent_covered_display": "100", "missing_lines": 0, "excluded_lines": 0}, "missing_lines": [], "excluded_lines": []}, "MinimalBacktestRunner.run_sma_backtest": {"executed_lines": [101, 102, 103, 104, 105, 106, 107, 108, 111, 114, 119, 122, 128, 129, 138, 142, 144, 145, 148, 151, 160, 161, 164, 167, 168], "summary": {"covered_lines": 25, "num_statements": 25, "percent_covered": 100.0, "percent_covered_display": "100", "missing_lines": 0, "excluded_lines": 0}, "missing_lines": [], "excluded_lines": []}, "MinimalBacktestRunner.run_backtest_with_database": {"executed_lines": [197, 200, 204, 206, 208, 209, 212, 213, 217, 219, 224, 227, 232, 235, 241, 242, 251, 256, 257, 261, 264, 267, 276, 277, 280, 283, 284], "summary": {"covered_lines": 27, "num_statements": 33, "percent_covered": 81.81818181818181, "percent_covered_display": "82", "missing_lines": 6, "excluded_lines": 0}, "missing_lines": [198, 201, 205, 207, 214, 220], "excluded_lines": []}, "MinimalBacktestRunner._extract_results": {"executed_lines": [295, 299, 300, 302, 306, 307, 308, 311, 312, 314, 315, 316, 317, 319, 321, 326, 327, 328, 330, 331, 333], "summary": {"covered_lines": 21, "num_statements": 23, "percent_covered": 91.30434782608695, "percent_covered_display": "91", "missing_lines": 2, "excluded_lines": 0}, "missing_lines": [296, 303], "excluded_lines": []}, "MinimalBacktestRunner.get_detailed_results": {"executed_lines": [352, 357], "summary": {"covered_lines": 2, "num_statements": 3, "percent_covered": 66.66666666666667, "percent_covered_display": "67", "missing_lines": 1, "excluded_lines": 0}, "missing_lines": [353], "excluded_lines": []}, "MinimalBacktestRunner.reset": {"executed_lines": [377, 378, 379], "summary": {"covered_lines": 3, "num_statements": 3, "percent_covered": 100.0, "percent_covered_display": "100", "missing_lines": 0, "excluded_lines": 0}, "missing_lines": [], "excluded_lines": []}, "MinimalBacktestRunner.dispose": {"executed_lines": [383, 384, 385], "summary": {"covered_lines": 3, "num_statements": 3, "percent_covered": 100.0, "percent_covered_display": "100", "missing_lines": 0, "excluded_lines": 0}, "missing_lines": [], "excluded_lines": []}, "": {"executed_lines": [1, 3, 4, 5, 7, 8, 9, 10, 11, 12, 13, 15, 16, 17, 18, 21, 22, 24, 43, 44, 50, 58, 59, 61, 74, 170, 286, 343, 375, 381], "summary": {"covered_lines": 27, "num_statements": 27, "percent_covered": 100.0, "percent_covered_display": "100", "missing_lines": 0, "excluded_lines": 0}, "missing_lines": [], "excluded_lines": []}}, "classes": {"BacktestResult": {"executed_lines": [35, 36, 37, 38, 39, 40, 41, 46, 47, 48, 52], "summary": {"covered_lines": 11, "num_statements": 11, "percent_covered": 100.0, "percent_covered_display": "100", "missing_lines": 0, "excluded_lines": 0}, "missing_lines": [], "excluded_lines": []}, "MinimalBacktestRunner": {"executed_lines": [68, 69, 70, 71, 72, 101, 102, 103, 104, 105, 106, 107, 108, 111, 114, 119, 122, 128, 129, 138, 142, 144, 145, 148, 151, 160, 161, 164, 167, 168, 197, 200, 204, 206, 208, 209, 212, 213, 217, 219, 224, 227, 232, 235, 241, 242, 251, 256, 257, 261, 264, 267, 276, 277, 280, 283, 284, 295, 299, 300, 302, 306, 307, 308, 311, 312, 314, 315, 316, 317, 319, 321, 326, 327, 328, 330, 331, 333, 352, 357, 377, 378, 379, 383, 384, 385], "summary": {"covered_lines": 86, "num_statements": 95, "percent_covered": 90.52631578947368, "percent_covered_display": "91", "missing_lines": 9, "excluded_lines": 0}, "missing_lines": [198, 201, 205, 207, 214, 220, 296, 303, 353], "excluded_lines": []}, "": {"executed_lines": [1, 3, 4, 5, 7, 8, 9, 10, 11, 12, 13, 15, 16, 17, 18, 21, 22, 24, 43, 44, 50, 58, 59, 61, 74, 170, 286, 343, 375, 381], "summary": {"covered_lines": 27, "num_statements": 27, "percent_covered": 100.0, "percent_covered_display": "100", "missing_lines": 0, "excluded_lines": 0}, "missing_lines": [], "excluded_lines": []}}}, "src/core/strategies/__init__.py": {"executed_lines": [1], "summary": {"covered_lines": 0, "num_statements": 0, "percent_covered": 100.0, "percent_covered_display": "100", "missing_lines": 0, "excluded_lines": 0}, "missing_lines": [], "excluded_lines": [], "functions": {"": {"executed_lines": [1], "summary": {"covered_lines": 0, "num_statements": 0, "percent_covered": 100.0, "percent_covered_display": "100", "missing_lines": 0, "excluded_lines": 0}, "missing_lines": [], "excluded_lines": []}}, "classes": {"": {"executed_lines": [1], "summary": {"covered_lines": 0, "num_statements": 0, "percent_covered": 100.0, "percent_covered_display": "100", "missing_lines": 0, "excluded_lines": 0}, "missing_lines": [], "excluded_lines": []}}}, "src/core/strategies/sma_crossover.py": {"executed_lines": [1, 3, 5, 6, 7, 8, 9, 10, 11, 12, 13, 16, 17, 19, 20, 21, 22, 23, 26, 27, 34, 36, 39, 40, 41, 44, 47, 52, 53, 56, 58, 60, 61, 63, 65, 66, 67, 69, 79, 80, 83, 84, 87, 88, 91, 92, 95, 96, 98, 101, 102, 104, 116, 117, 120, 121, 123, 126, 127, 130, 131, 136, 138, 143, 146, 147, 150, 151, 156, 158, 163, 165], "summary": {"covered_lines": 69, "num_statements": 69, "percent_covered": 100.0, "percent_covered_display": "100", "missing_lines": 0, "excluded_lines": 0}, "missing_lines": [], "excluded_lines": [], "functions": {"SMACrossover.__init__": {"executed_lines": [36, 39, 40, 41, 44, 47, 52, 53, 56], "summary": {"covered_lines": 9, "num_statements": 9, "percent_covered": 100.0, "percent_covered_display": "100", "missing_lines": 0, "excluded_lines": 0}, "missing_lines": [], "excluded_lines": []}, "SMACrossover.on_start": {"executed_lines": [60, 61], "summary": {"covered_lines": 2, "num_statements": 2, "percent_covered": 100.0, "percent_covered_display": "100", "missing_lines": 0, "excluded_lines": 0}, "missing_lines": [], "excluded_lines": []}, "SMACrossover.on_stop": {"executed_lines": [65, 66, 67], "summary": {"covered_lines": 3, "num_statements": 3, "percent_covered": 100.0, "percent_covered_display": "100", "missing_lines": 0, "excluded_lines": 0}, "missing_lines": [], "excluded_lines": []}, "SMACrossover.on_bar": {"executed_lines": [79, 80, 83, 84, 87, 88, 91, 92, 95, 96], "summary": {"covered_lines": 10, "num_statements": 10, "percent_covered": 100.0, "percent_covered_display": "100", "missing_lines": 0, "excluded_lines": 0}, "missing_lines": [], "excluded_lines": []}, "SMACrossover.on_event": {"executed_lines": [101, 102], "summary": {"covered_lines": 2, "num_statements": 2, "percent_covered": 100.0, "percent_covered_display": "100", "missing_lines": 0, "excluded_lines": 0}, "missing_lines": [], "excluded_lines": []}, "SMACrossover._check_for_signals": {"executed_lines": [116, 117, 120, 121], "summary": {"covered_lines": 4, "num_statements": 4, "percent_covered": 100.0, "percent_covered_display": "100", "missing_lines": 0, "excluded_lines": 0}, "missing_lines": [], "excluded_lines": []}, "SMACrossover._generate_buy_signal": {"executed_lines": [126, 127, 130, 131, 136, 138], "summary": {"covered_lines": 6, "num_statements": 6, "percent_covered": 100.0, "percent_covered_display": "100", "missing_lines": 0, "excluded_lines": 0}, "missing_lines": [], "excluded_lines": []}, "SMACrossover._generate_sell_signal": {"executed_lines": [146, 147, 150, 151, 156, 158], "summary": {"covered_lines": 6, "num_statements": 6, "percent_covered": 100.0, "percent_covered_display": "100", "missing_lines": 0, "excluded_lines": 0}, "missing_lines": [], "excluded_lines": []}, "SMACrossover.on_dispose": {"executed_lines": [165], "summary": {"covered_lines": 1, "num_statements": 1, "percent_covered": 100.0, "percent_covered_display": "100", "missing_lines": 0, "excluded_lines": 0}, "missing_lines": [], "excluded_lines": []}, "": {"executed_lines": [1, 3, 5, 6, 7, 8, 9, 10, 11, 12, 13, 16, 17, 19, 20, 21, 22, 23, 26, 27, 34, 58, 63, 69, 98, 104, 123, 143, 163], "summary": {"covered_lines": 26, "num_statements": 26, "percent_covered": 100.0, "percent_covered_display": "100", "missing_lines": 0, "excluded_lines": 0}, "missing_lines": [], "excluded_lines": []}}, "classes": {"SMAConfig": {"executed_lines": [], "summary": {"covered_lines": 0, "num_statements": 0, "percent_covered": 100.0, "percent_covered_display": "100", "missing_lines": 0, "excluded_lines": 0}, "missing_lines": [], "excluded_lines": []}, "SMACrossover": {"executed_lines": [36, 39, 40, 41, 44, 47, 52, 53, 56, 60, 61, 65, 66, 67, 79, 80, 83, 84, 87, 88, 91, 92, 95, 96, 101, 102, 116, 117, 120, 121, 126, 127, 130, 131, 136, 138, 146, 147, 150, 151, 156, 158, 165], "summary": {"covered_lines": 43, "num_statements": 43, "percent_covered": 100.0, "percent_covered_display": "100", "missing_lines": 0, "excluded_lines": 0}, "missing_lines": [], "excluded_lines": []}, "": {"executed_lines": [1, 3, 5, 6, 7, 8, 9, 10, 11, 12, 13, 16, 17, 19, 20, 21, 22, 23, 26, 27, 34, 58, 63, 69, 98, 104, 123, 143, 163], "summary": {"covered_lines": 26, "num_statements": 26, "percent_covered": 100.0, "percent_covered_display": "100", "missing_lines": 0, "excluded_lines": 0}, "missing_lines": [], "excluded_lines": []}}}, "src/db/__init__.py": {"executed_lines": [1], "summary": {"covered_lines": 0, "num_statements": 0, "percent_covered": 100.0, "percent_covered_display": "100", "missing_lines": 0, "excluded_lines": 0}, "missing_lines": [], "excluded_lines": [], "functions": {"": {"executed_lines": [1], "summary": {"covered_lines": 0, "num_statements": 0, "percent_covered": 100.0, "percent_covered_display": "100", "missing_lines": 0, "excluded_lines": 0}, "missing_lines": [], "excluded_lines": []}}, "classes": {"": {"executed_lines": [1], "summary": {"covered_lines": 0, "num_statements": 0, "percent_covered": 100.0, "percent_covered_display": "100", "missing_lines": 0, "excluded_lines": 0}, "missing_lines": [], "excluded_lines": []}}}, "src/db/session.py": {"executed_lines": [1, 3, 4, 5, 7, 8, 9, 11, 13, 17, 18, 21, 22, 24, 27, 28, 29, 35, 37, 40, 41, 42, 43, 46, 48, 50, 56, 59, 70, 71, 73, 74, 76, 77, 80, 82, 85, 86, 87, 90, 91, 92, 93, 95, 97, 98, 99, 100, 103, 106, 107, 108, 109], "summary": {"covered_lines": 52, "num_statements": 61, "percent_covered": 85.24590163934427, "percent_covered_display": "85", "missing_lines": 9, "excluded_lines": 0}, "missing_lines": [61, 62, 63, 64, 65, 67, 75, 83, 96], "excluded_lines": [], "functions": {"get_async_engine": {"executed_lines": [27, 28, 29, 35], "summary": {"covered_lines": 4, "num_statements": 4, "percent_covered": 100.0, "percent_covered_display": "100", "missing_lines": 0, "excluded_lines": 0}, "missing_lines": [], "excluded_lines": []}, "get_async_session_maker": {"executed_lines": [40, 41, 42, 43, 46], "summary": {"covered_lines": 5, "num_statements": 5, "percent_covered": 100.0, "percent_covered_display": "100", "missing_lines": 0, "excluded_lines": 0}, "missing_lines": [], "excluded_lines": []}, "get_db": {"executed_lines": [], "summary": {"covered_lines": 0, "num_statements": 6, "percent_covered": 0.0, "percent_covered_display": "0", "missing_lines": 6, "excluded_lines": 0}, "missing_lines": [61, 62, 63, 64, 65, 67], "excluded_lines": []}, "get_session": {"executed_lines": [73, 74, 76, 77], "summary": {"covered_lines": 4, "num_statements": 5, "percent_covered": 80.0, "percent_covered_display": "80", "missing_lines": 1, "excluded_lines": 0}, "missing_lines": [75], "excluded_lines": []}, "test_connection": {"executed_lines": [82, 85, 86, 87, 90, 91, 92, 93, 95, 97, 98, 99, 100], "summary": {"covered_lines": 13, "num_statements": 15, "percent_covered": 86.66666666666667, "percent_covered_display": "87", "missing_lines": 2, "excluded_lines": 0}, "missing_lines": [83, 96], "excluded_lines": []}, "dispose_all_connections": {"executed_lines": [106, 107, 108, 109], "summary": {"covered_lines": 4, "num_statements": 4, "percent_covered": 100.0, "percent_covered_display": "100", "missing_lines": 0, "excluded_lines": 0}, "missing_lines": [], "excluded_lines": []}, "": {"executed_lines": [1, 3, 4, 5, 7, 8, 9, 11, 13, 17, 18, 21, 22, 24, 37, 48, 50, 56, 59, 70, 71, 80, 103], "summary": {"covered_lines": 22, "num_statements": 22, "percent_covered": 100.0, "percent_covered_display": "100", "missing_lines": 0, "excluded_lines": 0}, "missing_lines": [], "excluded_lines": []}}, "classes": {"": {"executed_lines": [1, 3, 4, 5, 7, 8, 9, 11, 13, 17, 18, 21, 22, 24, 27, 28, 29, 35, 37, 40, 41, 42, 43, 46, 48, 50, 56, 59, 70, 71, 73, 74, 76, 77, 80, 82, 85, 86, 87, 90, 91, 92, 93, 95, 97, 98, 99, 100, 103, 106, 107, 108, 109], "summary": {"covered_lines": 52, "num_statements": 61, "percent_covered": 85.24590163934427, "percent_covered_display": "85", "missing_lines": 9, "excluded_lines": 0}, "missing_lines": [61, 62, 63, 64, 65, 67, 75, 83, 96], "excluded_lines": []}}}, "src/models/__init__.py": {"executed_lines": [1, 3, 5], "summary": {"covered_lines": 2, "num_statements": 2, "percent_covered": 100.0, "percent_covered_display": "100", "missing_lines": 0, "excluded_lines": 0}, "missing_lines": [], "excluded_lines": [], "functions": {"": {"executed_lines": [1, 3, 5], "summary": {"covered_lines": 2, "num_statements": 2, "percent_covered": 100.0, "percent_covered_display": "100", "missing_lines": 0, "excluded_lines": 0}, "missing_lines": [], "excluded_lines": []}}, "classes": {"": {"executed_lines": [1, 3, 5], "summary": {"covered_lines": 2, "num_statements": 2, "percent_covered": 100.0, "percent_covered_display": "100", "missing_lines": 0, "excluded_lines": 0}, "missing_lines": [], "excluded_lines": []}}}, "src/models/market_data.py": {"executed_lines": [1, 3, 4, 5, 7, 8, 16, 18, 21, 22, 24, 25, 26, 27, 28, 29, 30, 32, 33, 34, 36, 38, 40, 41, 42, 44, 46, 48, 49, 50, 52, 53, 55, 57, 65, 66, 68, 71, 72, 74, 75, 77, 80, 81, 83, 85, 86, 87, 88, 89, 90, 91, 92, 93, 95, 101], "summary": {"covered_lines": 51, "num_statements": 54, "percent_covered": 94.44444444444444, "percent_covered_display": "94", "missing_lines": 3, "excluded_lines": 0}, "missing_lines": [37, 45, 54], "excluded_lines": [], "functions": {"MarketDataBase.validate_high": {"executed_lines": [36, 38], "summary": {"covered_lines": 2, "num_statements": 3, "percent_covered": 66.66666666666667, "percent_covered_display": "67", "missing_lines": 1, "excluded_lines": 0}, "missing_lines": [37], "excluded_lines": []}, "MarketDataBase.validate_low": {"executed_lines": [44, 46], "summary": {"covered_lines": 2, "num_statements": 3, "percent_covered": 66.66666666666667, "percent_covered_display": "67", "missing_lines": 1, "excluded_lines": 0}, "missing_lines": [45], "excluded_lines": []}, "MarketDataBase.validate_ohlc_range": {"executed_lines": [52, 53, 55], "summary": {"covered_lines": 3, "num_statements": 4, "percent_covered": 75.0, "percent_covered_display": "75", "missing_lines": 1, "excluded_lines": 0}, "missing_lines": [54], "excluded_lines": []}, "": {"executed_lines": [1, 3, 4, 5, 7, 8, 16, 18, 21, 22, 24, 25, 26, 27, 28, 29, 30, 32, 33, 34, 40, 41, 42, 48, 49, 50, 57, 65, 66, 68, 71, 72, 74, 75, 77, 80, 81, 83, 85, 86, 87, 88, 89, 90, 91, 92, 93, 95, 101], "summary": {"covered_lines": 44, "num_statements": 44, "percent_covered": 100.0, "percent_covered_display": "100", "missing_lines": 0, "excluded_lines": 0}, "missing_lines": [], "excluded_lines": []}}, "classes": {"MarketDataBase": {"executed_lines": [36, 38, 44, 46, 52, 53, 55], "summary": {"covered_lines": 7, "num_statements": 10, "percent_covered": 70.0, "percent_covered_display": "70", "missing_lines": 3, "excluded_lines": 0}, "missing_lines": [37, 45, 54], "excluded_lines": []}, "MarketDataCreate": {"executed_lines": [], "summary": {"covered_lines": 0, "num_statements": 0, "percent_covered": 100.0, "percent_covered_display": "100", "missing_lines": 0, "excluded_lines": 0}, "missing_lines": [], "excluded_lines": []}, "MarketData": {"executed_lines": [], "summary": {"covered_lines": 0, "num_statements": 0, "percent_covered": 100.0, "percent_covered_display": "100", "missing_lines": 0, "excluded_lines": 0}, "missing_lines": [], "excluded_lines": []}, "MarketDataTable": {"executed_lines": [], "summary": {"covered_lines": 0, "num_statements": 0, "percent_covered": 100.0, "percent_covered_display": "100", "missing_lines": 0, "excluded_lines": 0}, "missing_lines": [], "excluded_lines": []}, "": {"executed_lines": [1, 3, 4, 5, 7, 8, 16, 18, 21, 22, 24, 25, 26, 27, 28, 29, 30, 32, 33, 34, 40, 41, 42, 48, 49, 50, 57, 65, 66, 68, 71, 72, 74, 75, 77, 80, 81, 83, 85, 86, 87, 88, 89, 90, 91, 92, 93, 95, 101], "summary": {"covered_lines": 44, "num_statements": 44, "percent_covered": 100.0, "percent_covered_display": "100", "missing_lines": 0, "excluded_lines": 0}, "missing_lines": [], "excluded_lines": []}}}, "src/models/strategy.py": {"executed_lines": [1, 3, 4, 5, 6, 7, 9, 12, 13, 15, 16, 17, 20, 21, 23, 24, 25, 28, 29, 31, 32, 33, 37, 38, 39, 41, 43, 45, 46, 47, 49, 50, 51, 54, 55, 57, 58, 59, 60, 61, 64, 67, 68, 72, 73, 74, 76, 77, 79, 81, 83, 84, 85, 86, 88, 90, 92, 94, 96, 97, 98, 99, 100, 102, 104, 105, 106, 108], "summary": {"covered_lines": 63, "num_statements": 64, "percent_covered": 98.4375, "percent_covered_display": "98", "missing_lines": 1, "excluded_lines": 0}, "missing_lines": [42], "excluded_lines": [], "functions": {"SMAParameters.validate_periods": {"executed_lines": [41, 43], "summary": {"covered_lines": 2, "num_statements": 3, "percent_covered": 66.66666666666667, "percent_covered_display": "67", "missing_lines": 1, "excluded_lines": 0}, "missing_lines": [42], "excluded_lines": []}, "SMAParameters.validate_slow_greater_than_fast": {"executed_lines": [49, 50, 51], "summary": {"covered_lines": 3, "num_statements": 3, "percent_covered": 100.0, "percent_covered_display": "100", "missing_lines": 0, "excluded_lines": 0}, "missing_lines": [], "excluded_lines": []}, "TradingStrategy.validate_parameters": {"executed_lines": [76, 77, 79, 81, 83, 84, 85, 86, 88], "summary": {"covered_lines": 9, "num_statements": 9, "percent_covered": 100.0, "percent_covered_display": "100", "missing_lines": 0, "excluded_lines": 0}, "missing_lines": [], "excluded_lines": []}, "TradingStrategy.update_timestamp": {"executed_lines": [92], "summary": {"covered_lines": 1, "num_statements": 1, "percent_covered": 100.0, "percent_covered_display": "100", "missing_lines": 0, "excluded_lines": 0}, "missing_lines": [], "excluded_lines": []}, "TradingStrategy.activate": {"executed_lines": [96, 97, 98, 99, 100], "summary": {"covered_lines": 5, "num_statements": 5, "percent_covered": 100.0, "percent_covered_display": "100", "missing_lines": 0, "excluded_lines": 0}, "missing_lines": [], "excluded_lines": []}, "TradingStrategy.archive": {"executed_lines": [104, 105, 106], "summary": {"covered_lines": 3, "num_statements": 3, "percent_covered": 100.0, "percent_covered_display": "100", "missing_lines": 0, "excluded_lines": 0}, "missing_lines": [], "excluded_lines": []}, "": {"executed_lines": [1, 3, 4, 5, 6, 7, 9, 12, 13, 15, 16, 17, 20, 21, 23, 24, 25, 28, 29, 31, 32, 33, 37, 38, 39, 45, 46, 47, 54, 55, 57, 58, 59, 60, 61, 64, 67, 68, 72, 73, 74, 90, 94, 102, 108], "summary": {"covered_lines": 40, "num_statements": 40, "percent_covered": 100.0, "percent_covered_display": "100", "missing_lines": 0, "excluded_lines": 0}, "missing_lines": [], "excluded_lines": []}}, "classes": {"StrategyType": {"executed_lines": [], "summary": {"covered_lines": 0, "num_statements": 0, "percent_covered": 100.0, "percent_covered_display": "100", "missing_lines": 0, "excluded_lines": 0}, "missing_lines": [], "excluded_lines": []}, "StrategyStatus": {"executed_lines": [], "summary": {"covered_lines": 0, "num_statements": 0, "percent_covered": 100.0, "percent_covered_display": "100", "missing_lines": 0, "excluded_lines": 0}, "missing_lines": [], "excluded_lines": []}, "SMAParameters": {"executed_lines": [41, 43, 49, 50, 51], "summary": {"covered_lines": 5, "num_statements": 6, "percent_covered": 83.33333333333333, "percent_covered_display": "83", "missing_lines": 1, "excluded_lines": 0}, "missing_lines": [42], "excluded_lines": []}, "TradingStrategy": {"executed_lines": [76, 77, 79, 81, 83, 84, 85, 86, 88, 92, 96, 97, 98, 99, 100, 104, 105, 106], "summary": {"covered_lines": 18, "num_statements": 18, "percent_covered": 100.0, "percent_covered_display": "100", "missing_lines": 0, "excluded_lines": 0}, "missing_lines": [], "excluded_lines": []}, "": {"executed_lines": [1, 3, 4, 5, 6, 7, 9, 12, 13, 15, 16, 17, 20, 21, 23, 24, 25, 28, 29, 31, 32, 33, 37, 38, 39, 45, 46, 47, 54, 55, 57, 58, 59, 60, 61, 64, 67, 68, 72, 73, 74, 90, 94, 102, 108], "summary": {"covered_lines": 40, "num_statements": 40, "percent_covered": 100.0, "percent_covered_display": "100", "missing_lines": 0, "excluded_lines": 0}, "missing_lines": [], "excluded_lines": []}}}, "src/services/__init__.py": {"executed_lines": [1], "summary": {"covered_lines": 0, "num_statements": 0, "percent_covered": 100.0, "percent_covered_display": "100", "missing_lines": 0, "excluded_lines": 0}, "missing_lines": [], "excluded_lines": [], "functions": {"": {"executed_lines": [1], "summary": {"covered_lines": 0, "num_statements": 0, "percent_covered": 100.0, "percent_covered_display": "100", "missing_lines": 0, "excluded_lines": 0}, "missing_lines": [], "excluded_lines": []}}, "classes": {"": {"executed_lines": [1], "summary": {"covered_lines": 0, "num_statements": 0, "percent_covered": 100.0, "percent_covered_display": "100", "missing_lines": 0, "excluded_lines": 0}, "missing_lines": [], "excluded_lines": []}}}, "src/services/csv_loader.py": {"executed_lines": [1, 3, 4, 5, 6, 7, 8, 10, 11, 12, 13, 14, 17, 18, 20, 22, 24, 26, 41, 45, 48, 51, 54, 56, 64, 74, 75, 78, 92, 93, 94, 96, 97, 98, 100, 109, 113, 115, 125, 127, 129, 130, 131, 133, 134, 137, 138, 140, 141, 142, 144, 146], "summary": {"covered_lines": 50, "num_statements": 67, "percent_covered": 74.6268656716418, "percent_covered_display": "75", "missing_lines": 17, "excluded_lines": 0}, "missing_lines": [42, 76, 110, 111, 152, 154, 155, 156, 158, 159, 162, 163, 165, 166, 167, 169, 171], "excluded_lines": [], "functions": {"CSVLoader.__init__": {"executed_lines": [24], "summary": {"covered_lines": 1, "num_statements": 1, "percent_covered": 100.0, "percent_covered_display": "100", "missing_lines": 0, "excluded_lines": 0}, "missing_lines": [], "excluded_lines": []}, "CSVLoader.load_file": {"executed_lines": [41, 45, 48, 51, 54, 56], "summary": {"covered_lines": 6, "num_statements": 7, "percent_covered": 85.71428571428571, "percent_covered_display": "86", "missing_lines": 1, "excluded_lines": 0}, "missing_lines": [42], "excluded_lines": []}, "CSVLoader._validate_columns": {"executed_lines": [74, 75], "summary": {"covered_lines": 2, "num_statements": 3, "percent_covered": 66.66666666666667, "percent_covered_display": "67", "missing_lines": 1, "excluded_lines": 0}, "missing_lines": [76], "excluded_lines": []}, "CSVLoader._transform_to_records": {"executed_lines": [92, 93, 94, 96, 97, 98, 100, 109, 113], "summary": {"covered_lines": 9, "num_statements": 11, "percent_covered": 81.81818181818181, "percent_covered_display": "82", "missing_lines": 2, "excluded_lines": 0}, "missing_lines": [110, 111], "excluded_lines": []}, "CSVLoader._bulk_insert_records": {"executed_lines": [125, 127, 129, 130, 131, 133, 134, 137, 138, 140, 141, 142, 144, 146], "summary": {"covered_lines": 14, "num_statements": 27, "percent_covered": 51.851851851851855, "percent_covered_display": "52", "missing_lines": 13, "excluded_lines": 0}, "missing_lines": [152, 154, 155, 156, 158, 159, 162, 163, 165, 166, 167, 169, 171], "excluded_lines": []}, "": {"executed_lines": [1, 3, 4, 5, 6, 7, 8, 10, 11, 12, 13, 14, 17, 18, 20, 22, 26, 64, 78, 115], "summary": {"covered_lines": 18, "num_statements": 18, "percent_covered": 100.0, "percent_covered_display": "100", "missing_lines": 0, "excluded_lines": 0}, "missing_lines": [], "excluded_lines": []}}, "classes": {"CSVLoader": {"executed_lines": [24, 41, 45, 48, 51, 54, 56, 74, 75, 92, 93, 94, 96, 97, 98, 100, 109, 113, 125, 127, 129, 130, 131, 133, 134, 137, 138, 140, 141, 142, 144, 146], "summary": {"covered_lines": 32, "num_statements": 49, "percent_covered": 65.3061224489796, "percent_covered_display": "65", "missing_lines": 17, "excluded_lines": 0}, "missing_lines": [42, 76, 110, 111, 152, 154, 155, 156, 158, 159, 162, 163, 165, 166, 167, 169, 171], "excluded_lines": []}, "": {"executed_lines": [1, 3, 4, 5, 6, 7, 8, 10, 11, 12, 13, 14, 17, 18, 20, 22, 26, 64, 78, 115], "summary": {"covered_lines": 18, "num_statements": 18, "percent_covered": 100.0, "percent_covered_display": "100", "missing_lines": 0, "excluded_lines": 0}, "missing_lines": [], "excluded_lines": []}}}, "src/services/data_service.py": {"executed_lines": [1, 3, 4, 5, 7, 8, 10, 11, 14, 15, 17, 19, 20, 22, 44, 45, 49, 50, 59, 63, 65, 69, 70, 71, 82, 84, 86, 114, 147, 161, 171, 172, 177, 178, 180, 181, 188, 192, 209, 210, 212, 219, 226, 233], "summary": {"covered_lines": 42, "num_statements": 68, "percent_covered": 61.76470588235294, "percent_covered_display": "62", "missing_lines": 26, "excluded_lines": 0}, "missing_lines": [46, 66, 103, 105, 106, 108, 109, 110, 112, 128, 130, 132, 143, 145, 154, 155, 156, 157, 159, 186, 190, 213, 220, 227, 238, 239], "excluded_lines": [], "functions": {"DataService.__init__": {"executed_lines": [19, 20], "summary": {"covered_lines": 2, "num_statements": 2, "percent_covered": 100.0, "percent_covered_display": "100", "missing_lines": 0, "excluded_lines": 0}, "missing_lines": [], "excluded_lines": []}, "DataService.get_market_data": {"executed_lines": [44, 45, 49, 50, 59, 63, 65, 69, 70, 71, 82, 84], "summary": {"covered_lines": 12, "num_statements": 14, "percent_covered": 85.71428571428571, "percent_covered_display": "86", "missing_lines": 2, "excluded_lines": 0}, "missing_lines": [46, 66], "excluded_lines": []}, "DataService.get_data_as_dataframe": {"executed_lines": [], "summary": {"covered_lines": 0, "num_statements": 7, "percent_covered": 0.0, "percent_covered_display": "0", "missing_lines": 7, "excluded_lines": 0}, "missing_lines": [103, 105, 106, 108, 109, 110, 112], "excluded_lines": []}, "DataService.convert_to_nautilus_format": {"executed_lines": [], "summary": {"covered_lines": 0, "num_statements": 5, "percent_covered": 0.0, "percent_covered_display": "0", "missing_lines": 5, "excluded_lines": 0}, "missing_lines": [128, 130, 132, 143, 145], "excluded_lines": []}, "DataService.get_available_symbols": {"executed_lines": [], "summary": {"covered_lines": 0, "num_statements": 5, "percent_covered": 0.0, "percent_covered_display": "0", "missing_lines": 5, "excluded_lines": 0}, "missing_lines": [154, 155, 156, 157, 159], "excluded_lines": []}, "DataService.get_data_range": {"executed_lines": [171, 172, 177, 178, 180, 181], "summary": {"covered_lines": 6, "num_statements": 7, "percent_covered": 85.71428571428571, "percent_covered_display": "86", "missing_lines": 1, "excluded_lines": 0}, "missing_lines": [186], "excluded_lines": []}, "DataService.clear_cache": {"executed_lines": [], "summary": {"covered_lines": 0, "num_statements": 1, "percent_covered": 0.0, "percent_covered_display": "0", "missing_lines": 1, "excluded_lines": 0}, "missing_lines": [190], "excluded_lines": []}, "DataService.validate_data_availability": {"executed_lines": [209, 210, 212, 219, 226, 233], "summary": {"covered_lines": 6, "num_statements": 11, "percent_covered": 54.54545454545455, "percent_covered_display": "55", "missing_lines": 5, "excluded_lines": 0}, "missing_lines": [213, 220, 227, 238, 239], "excluded_lines": []}, "": {"executed_lines": [1, 3, 4, 5, 7, 8, 10, 11, 14, 15, 17, 22, 86, 114, 147, 161, 188, 192], "summary": {"covered_lines": 16, "num_statements": 16, "percent_covered": 100.0, "percent_covered_display": "100", "missing_lines": 0, "excluded_lines": 0}, "missing_lines": [], "excluded_lines": []}}, "classes": {"DataService": {"executed_lines": [19, 20, 44, 45, 49, 50, 59, 63, 65, 69, 70, 71, 82, 84, 171, 172, 177, 178, 180, 181, 209, 210, 212, 219, 226, 233], "summary": {"covered_lines": 26, "num_statements": 52, "percent_covered": 50.0, "percent_covered_display": "50", "missing_lines": 26, "excluded_lines": 0}, "missing_lines": [46, 66, 103, 105, 106, 108, 109, 110, 112, 128, 130, 132, 143, 145, 154, 155, 156, 157, 159, 186, 190, 213, 220, 227, 238, 239], "excluded_lines": []}, "": {"executed_lines": [1, 3, 4, 5, 7, 8, 10, 11, 14, 15, 17, 22, 86, 114, 147, 161, 188, 192], "summary": {"covered_lines": 16, "num_statements": 16, "percent_covered": 100.0, "percent_covered_display": "100", "missing_lines": 0, "excluded_lines": 0}, "missing_lines": [], "excluded_lines": []}}}, "src/utils/__init__.py": {"executed_lines": [1], "summary": {"covered_lines": 0, "num_statements": 0, "percent_covered": 100.0, "percent_covered_display": "100", "missing_lines": 0, "excluded_lines": 0}, "missing_lines": [], "excluded_lines": [], "functions": {"": {"executed_lines": [1], "summary": {"covered_lines": 0, "num_statements": 0, "percent_covered": 100.0, "percent_covered_display": "100", "missing_lines": 0, "excluded_lines": 0}, "missing_lines": [], "excluded_lines": []}}, "classes": {"": {"executed_lines": [1], "summary": {"covered_lines": 0, "num_statements": 0, "percent_covered": 100.0, "percent_covered_display": "100", "missing_lines": 0, "excluded_lines": 0}, "missing_lines": [], "excluded_lines": []}}}, "src/utils/mock_data.py": {"executed_lines": [1, 3, 4, 5, 7, 8, 9, 10, 11, 13, 16, 50, 52, 55, 56, 58, 59, 62, 64, 67, 70, 73, 76, 79, 83, 84, 87, 88, 90, 91, 94, 95, 98, 102, 105, 116, 117, 119, 122, 150, 152, 155, 156, 158, 159, 161, 163, 165, 166, 168, 170, 173, 177, 178, 180, 181, 183, 184, 186, 187, 189, 191, 202, 204, 207, 218, 219, 223, 226, 229], "summary": {"covered_lines": 69, "num_statements": 79, "percent_covered": 87.34177215189874, "percent_covered_display": "87", "missing_lines": 10, "excluded_lines": 0}, "missing_lines": [53, 153, 231, 234, 235, 236, 237, 240, 241, 242], "excluded_lines": [], "functions": {"generate_mock_bars": {"executed_lines": [50, 52, 55, 56, 58, 59, 62, 64, 67, 70, 73, 76, 79, 83, 84, 87, 88, 90, 91, 94, 95, 98, 102, 105, 116, 117, 119], "summary": {"covered_lines": 27, "num_statements": 28, "percent_covered": 96.42857142857143, "percent_covered_display": "96", "missing_lines": 1, "excluded_lines": 0}, "missing_lines": [53], "excluded_lines": []}, "generate_mock_dataframe": {"executed_lines": [150, 152, 155, 156, 158, 159, 161, 163, 165, 166, 168, 170, 173, 177, 178, 180, 181, 183, 184, 186, 187, 189, 191, 202, 204], "summary": {"covered_lines": 25, "num_statements": 26, "percent_covered": 96.15384615384616, "percent_covered_display": "96", "missing_lines": 1, "excluded_lines": 0}, "missing_lines": [153], "excluded_lines": []}, "create_test_instrument": {"executed_lines": [218, 219, 223, 226], "summary": {"covered_lines": 4, "num_statements": 4, "percent_covered": 100.0, "percent_covered_display": "100", "missing_lines": 0, "excluded_lines": 0}, "missing_lines": [], "excluded_lines": []}, "": {"executed_lines": [1, 3, 4, 5, 7, 8, 9, 10, 11, 13, 16, 122, 207, 229], "summary": {"covered_lines": 13, "num_statements": 21, "percent_covered": 61.904761904761905, "percent_covered_display": "62", "missing_lines": 8, "excluded_lines": 0}, "missing_lines": [231, 234, 235, 236, 237, 240, 241, 242], "excluded_lines": []}}, "classes": {"": {"executed_lines": [1, 3, 4, 5, 7, 8, 9, 10, 11, 13, 16, 50, 52, 55, 56, 58, 59, 62, 64, 67, 70, 73, 76, 79, 83, 84, 87, 88, 90, 91, 94, 95, 98, 102, 105, 116, 117, 119, 122, 150, 152, 155, 156, 158, 159, 161, 163, 165, 166, 168, 170, 173, 177, 178, 180, 181, 183, 184, 186, 187, 189, 191, 202, 204, 207, 218, 219, 223, 226, 229], "summary": {"covered_lines": 69, "num_statements": 79, "percent_covered": 87.34177215189874, "percent_covered_display": "87", "missing_lines": 10, "excluded_lines": 0}, "missing_lines": [53, 153, 231, 234, 235, 236, 237, 240, 241, 242], "excluded_lines": []}}}}, "totals": {"covered_lines": 652, "num_statements": 873, "percent_covered": 74.68499427262314, "percent_covered_display": "75", "missing_lines": 221, "excluded_lines": 0}}